2017-12-3 10:30:20 407 |socket connect failed!
2017-12-3 13:37:44 821 |socket connect failed!
2017-12-3 13:42:2 203 |socket connect failed!
2017-12-3 14:9:37 826 |RegisterFront sucess RunThread!
2017-12-3 14:9:37 826 |ReceiveDataThreadProc Run
2017-12-3 14:10:15 829 |RegisterFront sucess RunThread!
2017-12-3 14:10:15 829 |ReceiveDataThreadProc Run
2017-12-3 14:14:24 759 |RegisterFront sucess RunThread!
2017-12-3 14:14:24 759 |ReceiveDataThreadProc Run
2017-12-3 14:20:29 56 |RegisterFront sucess RunThread!
2017-12-3 14:20:29 57 |ReceiveDataThreadProc Run
2017-12-3 14:22:5 996 |RegisterFront sucess RunThread!
2017-12-3 14:22:5 996 |ReceiveDataThreadProc Run
2017-12-3 14:27:13 682 |RegisterFront sucess RunThread!
2017-12-3 14:27:13 682 |ReceiveDataThreadProc Run
2017-12-3 15:2:20 92 |RegisterFront sucess RunThread!
2017-12-3 15:2:20 114 |ReceiveDataThreadProc Run
2017-12-3 15:12:34 292 |RegisterFront sucess RunThread!
2017-12-3 15:12:34 292 |ReceiveDataThreadProc Run
2017-12-3 15:13:24 255 |RegisterFront sucess RunThread!
2017-12-3 15:13:24 255 |ReceiveDataThreadProc Run
2017-12-3 15:14:7 535 |RegisterFront sucess RunThread!
2017-12-3 15:14:7 536 |ReceiveDataThreadProc Run
2017-12-3 15:14:38 43 |RegisterFront sucess RunThread!
2017-12-3 15:14:38 44 |ReceiveDataThreadProc Run
2017-12-3 15:15:12 42 |RegisterFront sucess RunThread!
2017-12-3 15:15:12 42 |ReceiveDataThreadProc Run
2017-12-3 15:15:48 296 |RegisterFront sucess RunThread!
2017-12-3 15:15:48 297 |ReceiveDataThreadProc Run
2017-12-3 15:15:48 297 |ask market:MARKET01@@@+@@@@@&CME,GC1712
2017-12-3 15:24:27 538 |RegisterFront sucess RunThread!
2017-12-3 15:24:27 538 |ReceiveDataThreadProc Run
2017-12-3 15:24:27 539 |ask market:MARKET01@@@+@@@@@&CME,GC1712
2017-12-3 15:35:43 511 |RegisterFront sucess RunThread!
2017-12-3 15:35:43 511 |ReceiveDataThreadProc Run
2017-12-3 15:35:43 512 |ask market:MARKET01@@@+@@@@@&CME,GC1712
2017-12-3 15:35:43 512 |ask market:MARKET01@@@+@@@@@&CME,CL1712
2017-12-3 15:50:21 570 |RegisterFront sucess RunThread!
2017-12-3 15:50:21 571 |ReceiveDataThreadProc Run
2017-12-3 15:50:21 572 |ask market:MARKET01@@@+@@@@@&CME,GC1712
2017-12-3 15:50:21 572 |ask market:MARKET01@@@+@@@@@&CME,CL1712
2017-12-3 15:50:32 922 |RegisterFront sucess RunThread!
2017-12-3 15:50:32 922 |ReceiveDataThreadProc Run
2017-12-3 15:50:32 923 |ask market:MARKET01@@@+@@@@@&CME,GC1712
2017-12-3 15:50:32 923 |ask market:MARKET01@@@+@@@@@&CME,CL1712
2017-12-3 15:51:11 816 |RegisterFront sucess RunThread!
2017-12-3 15:51:11 817 |ReceiveDataThreadProc Run
2017-12-3 15:51:12 807 |ask market:MARKET01@@@+@@@@@&CME,GC1712
2017-12-3 15:51:12 807 |ask market:MARKET01@@@+@@@@@&CME,CL1712
2017-12-3 15:51:20 677 |RegisterFront sucess RunThread!
2017-12-3 15:51:20 677 |ReceiveDataThreadProc Run
2017-12-3 15:51:21 670 |ask market:MARKET01@@@+@@@@@&CME,GC1712
2017-12-3 15:51:21 670 |ask market:MARKET01@@@+@@@@@&CME,CL1712
2017-12-3 15:51:43 151 |RegisterFront sucess RunThread!
2017-12-3 15:51:43 151 |ReceiveDataThreadProc Run
2017-12-3 15:51:44 143 |ask market:MARKET01@@@+@@@@@&CME,GC1712
2017-12-3 15:51:44 143 |ask market:MARKET01@@@+@@@@@&CME,CL1712
2017-12-3 15:51:51 11 |RegisterFront sucess RunThread!
2017-12-3 15:51:51 11 |ReceiveDataThreadProc Run
2017-12-3 15:51:52 5 |ask market:MARKET01@@@+@@@@@&CME,GC1712
2017-12-3 15:51:52 5 |ask market:MARKET01@@@+@@@@@&CME,CL1712
2017-12-3 15:51:59 621 |RegisterFront sucess RunThread!
2017-12-3 15:51:59 621 |ReceiveDataThreadProc Run
2017-12-3 15:52:0 614 |ask market:MARKET01@@@+@@@@@&CME,GC1712
2017-12-3 15:52:0 614 |ask market:MARKET01@@@+@@@@@&CME,CL1712
2017-12-3 15:52:7 693 |RegisterFront sucess RunThread!
2017-12-3 15:52:7 693 |ReceiveDataThreadProc Run
2017-12-3 15:52:8 686 |ask market:MARKET01@@@+@@@@@&CME,GC1712
2017-12-3 15:52:8 686 |ask market:MARKET01@@@+@@@@@&CME,CL1712
2017-12-3 15:53:26 736 |RegisterFront sucess RunThread!
2017-12-3 15:53:26 736 |ReceiveDataThreadProc Run
2017-12-3 15:53:27 728 |ask market:MARKET01@@@+@@@@@&CME,GC1712
2017-12-3 15:53:27 728 |ask market:MARKET01@@@+@@@@@&CME,CL1712
2017-12-3 16:7:10 526 |RegisterFront sucess RunThread!
2017-12-3 16:7:10 527 |ReceiveDataThreadProc Run
2017-12-3 16:7:11 520 |ask market:MARKET01@@@+@@@@@&CME,GC1712
2017-12-3 16:7:11 520 |ask market:MARKET01@@@+@@@@@&CME,CL1712
2017-12-3 16:46:24 820 |RegisterFront sucess RunThread!
2017-12-3 16:46:24 821 |ReceiveDataThreadProc Run
2017-12-3 16:46:25 813 |ask market:MARKET01@@@+@@@@@&CME,GC1712
2017-12-3 16:46:25 813 |ask market:MARKET01@@@+@@@@@&CME,CL1712
